[www.boshjerns.art/index.html]
[static.parastorage.com/unpkg/core-js-bundle@3.2.1/minified.js]
[static.parastorage.com/unpkg/focus-within-polyfill@5.0.9/dist/focus-within-polyfill.js]
[backblue.gif]
[fade.gif]
[index.html]
[polyfill.io/v3/polyfill.mind82c.js]
[browser.sentry-cdn.com/6.18.2/bundle.min.js]
[www.boshjerns.art/decodeURIComponent(e.4.delayed]
[www.boshjerns.art/sitemap.xml]
[www.boshjerns.art/feed.6.delayed]
[static.parastorage.com/services/wix-thunderbolt/dist/bootstrap-features.42e41f7d.bundle.min.js]
[static.parastorage.com/services/wix-thunderbolt/dist/main.88894cfb.bundle.min.js]
[static.parastorage.com/unpkg/lodash@4.17.21/lodash.min.js]
[static.parastorage.com/unpkg/react@16.14.0/umd/react.production.min.js]
[static.parastorage.com/services/tag-manager-client/1.427.0/siteTags.bundle.min.js]
[static.parastorage.com/services/wix-perf-measure/1.1042.0/wix-perf-measure.bundle.min.js]
[www.boshjerns.art/version/index.html]
[static.parastorage.com/unpkg/react-dom@16.14.0/umd/react-dom.production.min.js]
[www.boshjerns.art/99a6a99f.min.e.delayed]
[www.boshjerns.art/08241ed1.chunk.min.f.delayed]
[www.boshjerns.art/c58e6b29.chunk.min.10.delayed]
[www.boshjerns.art/rb_wixui.thunderbolt_bootstrap-classic.e869e806.chunk.min.11.delayed]
[www.boshjerns.art/rb_wixui.thunderbolt_bootstrap.8a86afda.chunk.min.12.delayed]
[www.boshjerns.art/rb_wixui.thunderbolt_bootstrap.08241ed1.chunk.min.13.delayed]
[www.boshjerns.art/rb_wixui.thunderbolt_bootstrap-responsive.f3ca696f.chunk.min.14.delayed]
[www.boshjerns.art/rb_wixui.thunderbolt_bootstrap-responsive.c58e6b29.chunk.min.15.delayed]
[static.wixstatic.com/media/0d0145_58b94a89bc224e2ab7478e6cd675faaf_mv2.png/v1/fill/w_74,h_61,al_c,q_85,usm_0.66_1.00_0.01,enc_auto/logo.png]
[static.wixstatic.com/media/0d0145_939015c3835e45ad8f47ed737928a336_mv2.png/v1/fill/w_96,h_93,al_c,q_85,usm_0.66_1.00_0.01,enc_auto/fnd.png]
[www.boshjerns.art/liveshows.html]
[www.boshjerns.art/portrait.html]
[www.boshjerns.art/contact.html]
[static.parastorage.com/services/pro-gallery-santa-wrapper/1.2776.0/staticCss.min.css]
[static.wixstatic.com/media/0d0145_b6ccdaa378914f25be88ad0e0076d101_mv2.jpg/v1/fill/w_485,h_485,q_90/0d0145_b6ccdaa378914f25be88ad0e0076d101_mv2.jpg]
[static.wixstatic.com/media/0d0145_d5171ceddd904e45a97d9b01e37d5590_mv2.jpg/v1/fill/w_486,h_485,q_90/0d0145_d5171ceddd904e45a97d9b01e37d5590_mv2.jpg]
[static.wixstatic.com/media/0d0145_56749de53a9e4c8e86ca3d9767758c55_mv2.jpg/v1/fill/w_485,h_485,q_90/0d0145_56749de53a9e4c8e86ca3d9767758c55_mv2.jpg]
[static.wixstatic.com/media/0d0145_bb04d41243034869ac01b397ddb7477a_mv2.jpg/v1/fill/w_485,h_485,q_90/0d0145_bb04d41243034869ac01b397ddb7477a_mv2.jpg]
[static.wixstatic.com/media/0d0145_7e481dc4ff3740c4bfd8bcacd24e411a_mv2.jpg/v1/fill/w_486,h_485,q_90/0d0145_7e481dc4ff3740c4bfd8bcacd24e411a_mv2.jpg]
[static.wixstatic.com/media/0d0145_b41ca62b85fc48c584d87e0fb44c6377_mv2.jpg/v1/fill/w_485,h_485,q_90/0d0145_b41ca62b85fc48c584d87e0fb44c6377_mv2.jpg]
[static.wixstatic.com/media/0d0145_0bb100e72d3a48cca5478f9808f6106f_mv2.jpg/v1/fill/w_485,h_485,q_90/0d0145_0bb100e72d3a48cca5478f9808f6106f_mv2.jpg]
[static.wixstatic.com/media/0d0145_c4458d5ed1434b9dacd6e55849f4f210_mv2.jpg/v1/fill/w_486,h_485,q_90/0d0145_c4458d5ed1434b9dacd6e55849f4f210_mv2.jpg]
[static.wixstatic.com/media/0d0145_1d35fdd31de64dc7b0dd9e1ea433a3c2_mv2.jpg/v1/fill/w_485,h_485,q_90/0d0145_1d35fdd31de64dc7b0dd9e1ea433a3c2_mv2.jpg]
[static.wixstatic.com/media/0d0145_d2df04f5ebfc49148a7dcf67b8cf89f3_mv2.jpg/v1/fill/w_485,h_485,q_90/0d0145_d2df04f5ebfc49148a7dcf67b8cf89f3_mv2.jpg]
[static.wixstatic.com/media/0d0145_6f16c058628543ee9fc466c1b993cc42_mv2.jpg/v1/fill/w_486,h_485,q_90/0d0145_6f16c058628543ee9fc466c1b993cc42_mv2.jpg]
[static.wixstatic.com/media/0d0145_0db6ffc7e365400c90d96061a6354117_mv2.jpeg/v1/fill/w_485,h_485,q_90/0d0145_0db6ffc7e365400c90d96061a6354117_mv2.jpg]
[static.wixstatic.com/media/0d0145_847238a3365d4281848d508574786deb_mv2.jpg/v1/fill/w_485,h_485,q_90/0d0145_847238a3365d4281848d508574786deb_mv2.jpg]
[static.wixstatic.com/media/0d0145_81dd1090ccca4c3a8d75b8682ba263cf_mv2.jpg/v1/fill/w_486,h_485,q_90/0d0145_81dd1090ccca4c3a8d75b8682ba263cf_mv2.jpg]
[static.wixstatic.com/media/0d0145_1215bb82875140fb8c10babf5500f17c_mv2.jpg/v1/fill/w_485,h_485,q_90/0d0145_1215bb82875140fb8c10babf5500f17c_mv2.jpg]
[static.wixstatic.com/media/0d0145_7dd156a7ef0f49a3b6fb50b05113ca0d_mv2.jpg/v1/fill/w_485,h_485,q_90/0d0145_7dd156a7ef0f49a3b6fb50b05113ca0d_mv2.jpg]
[static.wixstatic.com/media/0d0145_98cf66bfcebf4827bfdc33e9d6edd7a6_mv2.jpg/v1/fill/w_486,h_485,fp_0.55_0.41,q_90/0d0145_98cf66bfcebf4827bfdc33e9d6edd7a6_mv2.jpg]
[static.wixstatic.com/media/0d0145_002e3fb80840476486846dd07d71e27d_mv2.jpg/v1/fill/w_485,h_485,fp_0.64_0.18,q_90/0d0145_002e3fb80840476486846dd07d71e27d_mv2.jpg]
[static.wixstatic.com/media/0d0145_d2eaa57e98fb4a92b6cd6c827631dfb4_mv2.jpg/v1/fill/w_485,h_485,q_90/0d0145_d2eaa57e98fb4a92b6cd6c827631dfb4_mv2.jpg]
[static.wixstatic.com/media/0d0145_4152885070d446799236a2c451050984_mv2.jpg/v1/fill/w_486,h_485,q_90/0d0145_4152885070d446799236a2c451050984_mv2.jpg]
[static.wixstatic.com/media/0d0145_dcaf3d55d3fd4200b121888f72d042e3_mv2.jpg/v1/fill/w_485,h_485,fp_0.47_0.27,q_90/0d0145_dcaf3d55d3fd4200b121888f72d042e3_mv2.jpg]
[static.wixstatic.com/media/0d0145_f15a0fcdaa3d4a12a2f02af86cae20eb_mv2.jpg/v1/fill/w_485,h_485,q_90/0d0145_f15a0fcdaa3d4a12a2f02af86cae20eb_mv2.jpg]
[static.wixstatic.com/media/0d0145_0a2d4c2cf3df4bffb02a06cd309fc25e_mv2.jpg/v1/fill/w_486,h_485,q_90/0d0145_0a2d4c2cf3df4bffb02a06cd309fc25e_mv2.jpg]
[static.wixstatic.com/media/0d0145_2b8f97fdebc04159b9d1fbb149ace1db_mv2.jpg/v1/fill/w_485,h_485,q_90/0d0145_2b8f97fdebc04159b9d1fbb149ace1db_mv2.jpg]
[static.wixstatic.com/media/0d0145_a43cf380d79d40f4894fb609f0c1b819_mv2.jpg/v1/fill/w_485,h_485,fp_0.53_0.48,q_90/0d0145_a43cf380d79d40f4894fb609f0c1b819_mv2.jpg]
[static.wixstatic.com/media/0d0145_58b94a89bc224e2ab7478e6cd675faaf_mv2.png/v1/fill/w_67,h_67,al_c,q_85,usm_0.66_1.00_0.01,blur_3,enc_auto/logo.png]
[static.wixstatic.com/media/0d0145_939015c3835e45ad8f47ed737928a336_mv2.png/v1/fill/w_96,h_96,al_c,q_85,usm_0.66_1.00_0.01,blur_3,enc_auto/fnd.png]
[www.boshjerns.art/index.html]
[www.boshjerns.art/decodeURIComponent(e.html]
[www.boshjerns.art/feed.html]
[www.boshjerns.art/version/index.html]
[www.boshjerns.art/99a6a99f.min.html]
[www.boshjerns.art/08241ed1.chunk.min.html]
[www.boshjerns.art/c58e6b29.chunk.min.html]
[www.boshjerns.art/rb_wixui.thunderbolt_bootstrap-classic.e869e806.chunk.min.html]
[www.boshjerns.art/rb_wixui.thunderbolt_bootstrap.8a86afda.chunk.min.html]
[www.boshjerns.art/rb_wixui.thunderbolt_bootstrap.08241ed1.chunk.min.html]
[www.boshjerns.art/rb_wixui.thunderbolt_bootstrap-responsive.f3ca696f.chunk.min.html]
[www.boshjerns.art/rb_wixui.thunderbolt_bootstrap-responsive.c58e6b29.chunk.min.html]
[static.parastorage.com/services/wix-thunderbolt/dist/ab-test-compilation/thunderbolt-commons.dd8c7677.bundle.min.js]
[static.parastorage.com/services/wix-thunderbolt/dist/ab-test-compilation/main.bf19740b.bundle.min.js]
[static.wixstatic.com/media/0d0145_0db6ffc7e365400c90d96061a6354117_mv2.jpeg/v1/fill/w_486,h_485,q_90/0d0145_0db6ffc7e365400c90d96061a6354117_mv2.jpg]
[static.wixstatic.com/media/0d0145_81dd1090ccca4c3a8d75b8682ba263cf_mv2.jpg/v1/fill/w_485,h_485,q_90/0d0145_81dd1090ccca4c3a8d75b8682ba263cf_mv2.jpg]
[static.wixstatic.com/media/0d0145_1215bb82875140fb8c10babf5500f17c_mv2.jpg/v1/fill/w_486,h_485,q_90/0d0145_1215bb82875140fb8c10babf5500f17c_mv2.jpg]
[static.wixstatic.com/media/0d0145_98cf66bfcebf4827bfdc33e9d6edd7a6_mv2.jpg/v1/fill/w_485,h_485,fp_0.55_0.41,q_90/0d0145_98cf66bfcebf4827bfdc33e9d6edd7a6_mv2.jpg]
[static.wixstatic.com/media/0d0145_5db4811185754040b07000ba2b97200d_mv2.jpg/v1/fill/w_485,h_485,q_90/0d0145_5db4811185754040b07000ba2b97200d_mv2.jpg]
[static.wixstatic.com/media/0d0145_f15a0fcdaa3d4a12a2f02af86cae20eb_mv2.jpg/v1/fill/w_486,h_485,q_90/0d0145_f15a0fcdaa3d4a12a2f02af86cae20eb_mv2.jpg]
[static.wixstatic.com/media/0d0145_4152885070d446799236a2c451050984_mv2.jpg/v1/fill/w_485,h_485,q_90/0d0145_4152885070d446799236a2c451050984_mv2.jpg]
[static.wixstatic.com/media/0d0145_8036e2a47fc149ed84310dfa720493fe_mv2.jpg/v1/fill/w_486,h_485,fp_0.49_0.51,q_90/0d0145_8036e2a47fc149ed84310dfa720493fe_mv2.jpg]
[static.wixstatic.com/media/0d0145_ae37cc8b5b6c4caea394cb9bdc332703_mv2.jpg/v1/fill/w_485,h_485,q_90/0d0145_ae37cc8b5b6c4caea394cb9bdc332703_mv2.jpg]
[static.wixstatic.com/media/0d0145_6f16c058628543ee9fc466c1b993cc42_mv2.jpg/v1/fill/w_485,h_485,q_90/0d0145_6f16c058628543ee9fc466c1b993cc42_mv2.jpg]
[static.wixstatic.com/media/0d0145_525ad3be848149bd91ec234e6ee1957f_mv2.jpg/v1/fill/w_485,h_485,q_90/0d0145_525ad3be848149bd91ec234e6ee1957f_mv2.jpg]
[www.boshjerns.art/liveshows.html]
[static.wixstatic.com/media/0d0145_93d49916ba7d42f69d55a72041a2c9a4_mv2.jpg/v1/fill/w_485,h_485,q_90/0d0145_93d49916ba7d42f69d55a72041a2c9a4_mv2.jpg]
[static.wixstatic.com/media/0d0145_da95f4ec730c4b6392235cdc41586ec0_mv2.jpg/v1/fill/w_486,h_485,q_90/0d0145_da95f4ec730c4b6392235cdc41586ec0_mv2.jpg]
[static.wixstatic.com/media/0d0145_aec46cbb50694bfd843134257a3bf896_mv2.jpg/v1/fill/w_485,h_485,q_90/0d0145_aec46cbb50694bfd843134257a3bf896_mv2.jpg]
[static.wixstatic.com/media/0d0145_7a73ea79324746f0b76b44e9e3b214b0_mv2.jpg/v1/fill/w_485,h_485,q_90/0d0145_7a73ea79324746f0b76b44e9e3b214b0_mv2.jpg]
[static.wixstatic.com/media/0d0145_9945e5bf4e9740599ffaf1373a12c096_mv2.jpg/v1/fill/w_486,h_485,q_90/0d0145_9945e5bf4e9740599ffaf1373a12c096_mv2.jpg]
[static.wixstatic.com/media/0d0145_0ac4841a35f048b987409349e00296d4_mv2.png/v1/fill/w_485,h_485,fp_0.5_0.43,q_90/0d0145_0ac4841a35f048b987409349e00296d4_mv2.png]
[static.wixstatic.com/media/0d0145_1937b7c437ac45138b63b6d63ccf3d2e_mv2.png/v1/fill/w_485,h_485,fp_0.55_0.49,q_90/0d0145_1937b7c437ac45138b63b6d63ccf3d2e_mv2.png]
[static.wixstatic.com/media/0d0145_b0eefa9a0a364d24b694f4abe8c5bdf6_mv2.png/v1/fill/w_486,h_485,fp_0.47_0.32,q_90/0d0145_b0eefa9a0a364d24b694f4abe8c5bdf6_mv2.png]
[static.wixstatic.com/media/0d0145_f9697730c68d48cc806e44ad68be5959_mv2.jpg/v1/fill/w_485,h_485,q_90/0d0145_f9697730c68d48cc806e44ad68be5959_mv2.jpg]
[static.wixstatic.com/media/0d0145_b57f3e8dfdab4deeab9dbd31f4aa0ba0_mv2.jpg/v1/fill/w_485,h_485,q_90/0d0145_b57f3e8dfdab4deeab9dbd31f4aa0ba0_mv2.jpg]
[static.wixstatic.com/media/0d0145_739d9b4f619e4b3db58cf09e1d6e51d3_mv2.jpg/v1/fill/w_486,h_485,q_90/0d0145_739d9b4f619e4b3db58cf09e1d6e51d3_mv2.jpg]
[static.wixstatic.com/media/0d0145_7ab5a25110cb413db979dce4082da723_mv2.jpg/v1/fill/w_485,h_485,q_90/0d0145_7ab5a25110cb413db979dce4082da723_mv2.jpg]
[www.boshjerns.art/portrait.html]
[www.boshjerns.art/contact.html]
[static.parastorage.com/services/pro-gallery-santa-wrapper/1.2776.0/staticCss.min.css]
[static.parastorage.com/services/pro-gallery-santa-wrapper/1.2776.0/media/emptystate.f4c750b6.svg]
